#-----------------------------------------------------------
# Vivado v2022.2 (64-bit)
# SW Build 3671981 on Fri Oct 14 05:00:03 MDT 2022
# IP Build 3669848 on Fri Oct 14 08:30:02 MDT 2022
# Start of session at: Fri May 19 11:55:54 2023
# Process ID: 20224
# Current directory: E:/Formation_SAFRAN/Composant_FPGA/Doriane/TP03_FSM/TP3_FSM
# Command line: vivado.exe -gui_launcher_event rodinguilauncherevent22212 E:\Formation_SAFRAN\Composant_FPGA\Doriane\TP03_FSM\TP3_FSM\TP3_FSM.xpr
# Log file: E:/Formation_SAFRAN/Composant_FPGA/Doriane/TP03_FSM/TP3_FSM/vivado.log
# Journal file: E:/Formation_SAFRAN/Composant_FPGA/Doriane/TP03_FSM/TP3_FSM\vivado.jou
# Running On: LAPTOP-4DJ15C90, OS: Windows, CPU Frequency: 2712 MHz, CPU Physical cores: 2, Host memory: 6322 MB
#-----------------------------------------------------------
start_gui
open_project E:/Formation_SAFRAN/Composant_FPGA/Doriane/TP03_FSM/TP3_FSM/TP3_FSM.xpr
WARNING: [Board 49-26] cannot add Board Part xilinx.com:ac701:part0:1.4 available at E:/Vivado/2022.2/data/xhub/boards/XilinxBoardStore/boards/Xilinx/ac701/1.4/board.xml as part xc7a200tfbg676-2 specified in board_part file is either invalid or not available
WARNING: [Board 49-26] cannot add Board Part xilinx.com:kc705:part0:1.6 available at E:/Vivado/2022.2/data/xhub/boards/XilinxBoardStore/boards/Xilinx/kc705/1.6/board.xml as part xc7k325tffg900-2 specified in board_part file is either invalid or not available
WARNING: [Board 49-26] cannot add Board Part xilinx.com:kcu105:part0:1.6 available at E:/Vivado/2022.2/data/xhub/boards/XilinxBoardStore/boards/Xilinx/kcu105/1.6/board.xml as part xcku040-ffva1156-2-e specified in board_part file is either invalid or not available
WARNING: [Board 49-26] cannot add Board Part xilinx.com:kcu105:part0:1.7 available at E:/Vivado/2022.2/data/xhub/boards/XilinxBoardStore/boards/Xilinx/kcu105/1.7/board.xml as part xcku040-ffva1156-2-e specified in board_part file is either invalid or not available
WARNING: [Board 49-26] cannot add Board Part xilinx.com:kcu116:part0:1.4 available at E:/Vivado/2022.2/data/xhub/boards/XilinxBoardStore/boards/Xilinx/kcu116/1.4/board.xml as part xcku5p-ffvb676-2-e specified in board_part file is either invalid or not available
WARNING: [Board 49-26] cannot add Board Part xilinx.com:kcu116:part0:1.5 available at E:/Vivado/2022.2/data/xhub/boards/XilinxBoardStore/boards/Xilinx/kcu116/1.5/board.xml as part xcku5p-ffvb676-2-e specified in board_part file is either invalid or not available
WARNING: [Board 49-26] cannot add Board Part xilinx.com:kcu1500:part0:1.2 available at E:/Vivado/2022.2/data/xhub/boards/XilinxBoardStore/boards/Xilinx/kcu1500/1.2/board.xml as part xcku115-flvb2104-2-e specified in board_part file is either invalid or not available
WARNING: [Board 49-26] cannot add Board Part xilinx.com:sp701:part0:1.0 available at E:/Vivado/2022.2/data/xhub/boards/XilinxBoardStore/boards/Xilinx/sp701/1.0/board.xml as part xc7s100fgga676-2 specified in board_part file is either invalid or not available
WARNING: [Board 49-26] cannot add Board Part xilinx.com:sp701:part0:1.1 available at E:/Vivado/2022.2/data/xhub/boards/XilinxBoardStore/boards/Xilinx/sp701/1.1/board.xml as part xc7s100fgga676-2 specified in board_part file is either invalid or not available
WARNING: [Board 49-26] cannot add Board Part xilinx.com:vc707:part0:1.4 available at E:/Vivado/2022.2/data/xhub/boards/XilinxBoardStore/boards/Xilinx/vc707/1.4/board.xml as part xc7vx485tffg1761-2 specified in board_part file is either invalid or not available
WARNING: [Board 49-26] cannot add Board Part xilinx.com:vc709:part0:1.8 available at E:/Vivado/2022.2/data/xhub/boards/XilinxBoardStore/boards/Xilinx/vc709/1.8/board.xml as part xc7vx690tffg1761-2 specified in board_part file is either invalid or not available
WARNING: [Board 49-26] cannot add Board Part xilinx.com:vck190:part0:2.2 available at E:/Vivado/2022.2/data/xhub/boards/XilinxBoardStore/boards/Xilinx/vck190/production/2.2/board.xml as part xcvc1902-vsva2197-2mp-e-s specified in board_part file is either invalid or not available
WARNING: [Board 49-26] cannot add Board Part xilinx.com:vck190:part0:3.0 available at E:/Vivado/2022.2/data/xhub/boards/XilinxBoardStore/boards/Xilinx/vck190/production/3.0/board.xml as part xcvc1902-vsva2197-2mp-e-s specified in board_part file is either invalid or not available
WARNING: [Board 49-26] cannot add Board Part xilinx.com:vck190:part0:3.1 available at E:/Vivado/2022.2/data/xhub/boards/XilinxBoardStore/boards/Xilinx/vck190/production/3.1/board.xml as part xcvc1902-vsva2197-2mp-e-s specified in board_part file is either invalid or not available
WARNING: [Board 49-26] cannot add Board Part xilinx.com:vck190_newl:part0:1.0 available at E:/Vivado/2022.2/data/xhub/boards/XilinxBoardStore/boards/Xilinx/vck190_newl/production/1.0/board.xml as part xcvc1902-vsva2197-2mp-e-s specified in board_part file is either invalid or not available
WARNING: [Board 49-26] cannot add Board Part xilinx.com:vcu108:part0:1.6 available at E:/Vivado/2022.2/data/xhub/boards/XilinxBoardStore/boards/Xilinx/vcu108/1.6/board.xml as part xcvu095-ffva2104-2-e specified in board_part file is either invalid or not available
WARNING: [Board 49-26] cannot add Board Part xilinx.com:vcu108:part0:1.7 available at E:/Vivado/2022.2/data/xhub/boards/XilinxBoardStore/boards/Xilinx/vcu108/1.7/board.xml as part xcvu095-ffva2104-2-e specified in board_part file is either invalid or not available
WARNING: [Board 49-26] cannot add Board Part xilinx.com:vcu110:part0:1.4 available at E:/Vivado/2022.2/data/xhub/boards/XilinxBoardStore/boards/Xilinx/vcu110/1.4/board.xml as part xcvu190-flgc2104-2-e specified in board_part file is either invalid or not available
WARNING: [Board 49-26] cannot add Board Part xilinx.com:vcu118:part0:2.0 available at E:/Vivado/2022.2/data/xhub/boards/XilinxBoardStore/boards/Xilinx/vcu118/2.0/board.xml as part xcvu9p-flga2104-2l-e specified in board_part file is either invalid or not available
WARNING: [Board 49-26] cannot add Board Part xilinx.com:vcu118:part0:2.3 available at E:/Vivado/2022.2/data/xhub/boards/XilinxBoardStore/boards/Xilinx/vcu118/2.3/board.xml as part xcvu9p-flga2104-2l-e specified in board_part file is either invalid or not available
WARNING: [Board 49-26] cannot add Board Part xilinx.com:vcu118:part0:2.4 available at E:/Vivado/2022.2/data/xhub/boards/XilinxBoardStore/boards/Xilinx/vcu118/2.4/board.xml as part xcvu9p-flga2104-2l-e specified in board_part file is either invalid or not available
WARNING: [Board 49-26] cannot add Board Part xilinx.com:vcu128:part0:1.0 available at E:/Vivado/2022.2/data/xhub/boards/XilinxBoardStore/boards/Xilinx/vcu128/production/1.0/board.xml as part xcvu37p-fsvh2892-2l-e specified in board_part file is either invalid or not available
WARNING: [Board 49-26] cannot add Board Part xilinx.com:vcu129:part0:1.0 available at E:/Vivado/2022.2/data/xhub/boards/XilinxBoardStore/boards/Xilinx/vcu129/production/1.0/board.xml as part xcvu29p-fsga2577-2l-e specified in board_part file is either invalid or not available
WARNING: [Board 49-26] cannot add Board Part xilinx.com:vcu1525:part0:1.3 available at E:/Vivado/2022.2/data/xhub/boards/XilinxBoardStore/boards/Xilinx/vcu1525/1.3/board.xml as part xcvu9p-fsgd2104-2l-e specified in board_part file is either invalid or not available
WARNING: [Board 49-26] cannot add Board Part xilinx.com:vek280_es:part0:1.0 available at E:/Vivado/2022.2/data/xhub/boards/XilinxBoardStore/boards/Xilinx/vek280/es/1.0/board.xml as part xcve2802-vsvh1760-2lp-e-s-es1 specified in board_part file is either invalid or not available
WARNING: [Board 49-26] cannot add Board Part xilinx.com:vhk158_es:part0:1.0 available at E:/Vivado/2022.2/data/xhub/boards/XilinxBoardStore/boards/Xilinx/vhk158/es/1.0/board.xml as part xcvh1582-vsva3697-2mp-e-s-es1 specified in board_part file is either invalid or not available
WARNING: [Board 49-26] cannot add Board Part xilinx.com:vmk180:part0:2.2 available at E:/Vivado/2022.2/data/xhub/boards/XilinxBoardStore/boards/Xilinx/vmk180/production/2.2/board.xml as part xcvm1802-vsva2197-2mp-e-s specified in board_part file is either invalid or not available
WARNING: [Board 49-26] cannot add Board Part xilinx.com:vmk180:part0:3.0 available at E:/Vivado/2022.2/data/xhub/boards/XilinxBoardStore/boards/Xilinx/vmk180/production/3.0/board.xml as part xcvm1802-vsva2197-2mp-e-s specified in board_part file is either invalid or not available
WARNING: [Board 49-26] cannot add Board Part xilinx.com:vmk180:part0:3.1 available at E:/Vivado/2022.2/data/xhub/boards/XilinxBoardStore/boards/Xilinx/vmk180/production/3.1/board.xml as part xcvm1802-vsva2197-2mp-e-s specified in board_part file is either invalid or not available
WARNING: [Board 49-26] cannot add Board Part xilinx.com:vmk180_newl:part0:1.0 available at E:/Vivado/2022.2/data/xhub/boards/XilinxBoardStore/boards/Xilinx/vmk180_newl/production/1.0/board.xml as part xcvm1802-vsva2197-2mp-e-s specified in board_part file is either invalid or not available
WARNING: [Board 49-26] cannot add Board Part xilinx.com:vpk120:part0:1.0 available at E:/Vivado/2022.2/data/xhub/boards/XilinxBoardStore/boards/Xilinx/vpk120/production/1.0/board.xml as part xcvp1202-vsva2785-2mp-e-s specified in board_part file is either invalid or not available
WARNING: [Board 49-26] cannot add Board Part xilinx.com:vpk120_es:part0:1.2 available at E:/Vivado/2022.2/data/xhub/boards/XilinxBoardStore/boards/Xilinx/vpk120/es/1.2/board.xml as part xcvp1202-vsva2785-2mp-e-s-es1 specified in board_part file is either invalid or not available
WARNING: [Board 49-26] cannot add Board Part xilinx.com:vpk120_es_revb:part0:1.0 available at E:/Vivado/2022.2/data/xhub/boards/XilinxBoardStore/boards/Xilinx/vpk120_revb/es/1.0/board.xml as part xcvp1202-vsva2785-2mp-e-s-es1 specified in board_part file is either invalid or not available
WARNING: [Board 49-26] cannot add Board Part xilinx.com:vpk180_es:part0:1.0 available at E:/Vivado/2022.2/data/xhub/boards/XilinxBoardStore/boards/Xilinx/vpk180/es/1.0/board.xml as part xcvp1802-lsvc4072-2mp-e-s-es1 specified in board_part file is either invalid or not available
WARNING: [Board 49-26] cannot add Board Part xilinx.com:zcu208ld:part0:2.0 available at E:/Vivado/2022.2/data/xhub/boards/XilinxBoardStore/boards/Xilinx/zcu208ld/production/2.0/board.xml as part xczu58dr-fsvg1517-2-i specified in board_part file is either invalid or not available
WARNING: [Board 49-26] cannot add Board Part xilinx.com:zcu216ld:part0:2.0 available at E:/Vivado/2022.2/data/xhub/boards/XilinxBoardStore/boards/Xilinx/zcu216ld/production/2.0/board.xml as part xczu59dr-ffvf1760-2-i specified in board_part file is either invalid or not available
WARNING: [Board 49-26] cannot add Board Part xilinx.com:zcu670:part0:2.0 available at E:/Vivado/2022.2/data/xhub/boards/XilinxBoardStore/boards/Xilinx/zcu670/2.0/board.xml as part xczu67dr-fsve1156-2-i specified in board_part file is either invalid or not available
WARNING: [Board 49-26] cannot add Board Part xilinx.com:zcu670ld:part0:1.0 available at E:/Vivado/2022.2/data/xhub/boards/XilinxBoardStore/boards/Xilinx/zcu670ld/1.0/board.xml as part xczu57dr-fsve1156-2-i specified in board_part file is either invalid or not available
INFO: [filemgmt 56-3] Default IP Output Path : Could not find the directory 'E:/Formation_SAFRAN/Composant_FPGA/Doriane/TP03_FSM/TP3_FSM/TP3_FSM.gen/sources_1'.
Scanning sources...
Finished scanning sources
INFO: [IP_Flow 19-234] Refreshing IP repositories
INFO: [IP_Flow 19-1704] No user IP repositories specified
INFO: [IP_Flow 19-2313] Loaded Vivado IP repository 'E:/Vivado/2022.2/data/ip'.
open_project: Time (s): cpu = 00:00:34 ; elapsed = 00:00:17 . Memory (MB): peak = 1089.918 ; gain = 301.250
launch_simulation
Command: launch_simulation 
INFO: [Vivado 12-12493] Simulation top is 'tb_compteur_de_cycle'
WARNING: [Vivado 12-13340] Unable to auto find GCC executables from simulator install path! (path not set)
WARNING: [Vivado 12-13277] Compiled library path does not exist: ''
INFO: [Vivado 12-5682] Launching behavioral simulation in 'E:/Formation_SAFRAN/Composant_FPGA/Doriane/TP03_FSM/TP3_FSM/TP3_FSM.sim/sim_1/behav/xsim'
INFO: [SIM-utils-51] Simulation object is 'sim_1'
INFO: [SIM-utils-72] Using boost library from 'E:/Vivado/2022.2/tps/boost_1_72_0'
INFO: [SIM-utils-54] Inspecting design source files for 'tb_compteur_de_cycle' in fileset 'sim_1'...
INFO: [USF-XSim-97] Finding global include files...
INFO: [USF-XSim-98] Fetching design files from 'sim_1'...
INFO: [USF-XSim-2] XSim::Compile design
INFO: [USF-XSim-61] Executing 'COMPILE and ANALYZE' step in 'E:/Formation_SAFRAN/Composant_FPGA/Doriane/TP03_FSM/TP3_FSM/TP3_FSM.sim/sim_1/behav/xsim'
"xvhdl --incr --relax -prj tb_compteur_de_cycle_vhdl.prj"
INFO: [VRFC 10-163] Analyzing VHDL file "E:/Formation_SAFRAN/Composant_FPGA/Doriane/TP03_FSM/Tb_Q3_compteur_de_cycle.vhd" into library xil_defaultlib
INFO: [VRFC 10-3107] analyzing entity 'tb_compteur_de_cycle'
INFO: [USF-XSim-69] 'compile' step finished in '3' seconds
INFO: [USF-XSim-3] XSim::Elaborate design
INFO: [USF-XSim-61] Executing 'ELABORATE' step in 'E:/Formation_SAFRAN/Composant_FPGA/Doriane/TP03_FSM/TP3_FSM/TP3_FSM.sim/sim_1/behav/xsim'
"xelab --incr --debug typical --relax --mt 2 -L xil_defaultlib -L secureip --snapshot tb_compteur_de_cycle_behav xil_defaultlib.tb_compteur_de_cycle -log elaborate.log"
Vivado Simulator v2022.2
Copyright 1986-1999, 2001-2022 Xilinx, Inc. All Rights Reserved.
Running: E:/Vivado/2022.2/bin/unwrapped/win64.o/xelab.exe --incr --debug typical --relax --mt 2 -L xil_defaultlib -L secureip --snapshot tb_compteur_de_cycle_behav xil_defaultlib.tb_compteur_de_cycle -log elaborate.log 
Using 2 slave threads.
Starting static elaboration
Completed static elaboration
Starting simulation data flow analysis
Completed simulation data flow analysis
Time Resolution for simulation is 1ps
Compiling package std.standard
Compiling package std.textio
Compiling package ieee.std_logic_1164
Compiling package ieee.numeric_std
Compiling package ieee.std_logic_arith
Compiling package ieee.std_logic_unsigned
Compiling architecture behavioral of entity xil_defaultlib.counter_unit [\counter_unit(time_value=6)\]
Compiling architecture behavioral of entity xil_defaultlib.compteur_de_cycle [compteur_de_cycle_default]
Compiling architecture behavioral of entity xil_defaultlib.tb_compteur_de_cycle
Built simulation snapshot tb_compteur_de_cycle_behav
INFO: [USF-XSim-69] 'elaborate' step finished in '4' seconds
INFO: [USF-XSim-4] XSim::Simulate design
INFO: [USF-XSim-61] Executing 'SIMULATE' step in 'E:/Formation_SAFRAN/Composant_FPGA/Doriane/TP03_FSM/TP3_FSM/TP3_FSM.sim/sim_1/behav/xsim'
INFO: [USF-XSim-98] *** Running xsim
   with args "tb_compteur_de_cycle_behav -key {Behavioral:sim_1:Functional:tb_compteur_de_cycle} -tclbatch {tb_compteur_de_cycle.tcl} -view {E:/Formation_SAFRAN/Composant_FPGA/Doriane/TP03_FSM/TP3_FSM/tb_tp_fsm_behav.wcfg} -log {simulate.log}"
INFO: [USF-XSim-8] Loading simulator feature
Time resolution is 1 ps
open_wave_config E:/Formation_SAFRAN/Composant_FPGA/Doriane/TP03_FSM/TP3_FSM/tb_tp_fsm_behav.wcfg
WARNING: Simulation object /compteur_de_cycle/clk was not found in the design.
WARNING: Simulation object /compteur_de_cycle/Restart was not found in the design.
WARNING: Simulation object /compteur_de_cycle/resetn was not found in the design.
WARNING: Simulation object /compteur_de_cycle/Clk_cnt was not found in the design.
WARNING: Simulation object /compteur_de_cycle/current_state was not found in the design.
WARNING: Simulation object /compteur_de_cycle/next_state was not found in the design.
WARNING: Simulation object /compteur_de_cycle/LED_State was not found in the design.
WARNING: Simulation object /compteur_de_cycle/End_Counter_int was not found in the design.
WARNING: Simulation object /compteur_de_cycle/End_cnt_cycles was not found in the design.
source tb_compteur_de_cycle.tcl
# set curr_wave [current_wave_config]
# if { [string length $curr_wave] == 0 } {
#   if { [llength [get_objects]] > 0} {
#     add_wave /
#     set_property needs_save false [current_wave_config]
#   } else {
#      send_msg_id Add_Wave-1 WARNING "No top level signals found. Simulator will start without a wave window. If you want to open a wave window go to 'File->New Waveform Configuration' or type 'create_wave_config' in the TCL console."
#   }
# }
# run 1000ns
xsim: Time (s): cpu = 00:00:12 ; elapsed = 00:00:06 . Memory (MB): peak = 1112.809 ; gain = 17.516
INFO: [USF-XSim-96] XSim completed. Design snapshot 'tb_compteur_de_cycle_behav' loaded.
INFO: [USF-XSim-97] XSim simulation ran for 1000ns
launch_simulation: Time (s): cpu = 00:00:16 ; elapsed = 00:00:14 . Memory (MB): peak = 1112.809 ; gain = 22.891
update_compile_order -fileset sources_1
save_wave_config {E:/Formation_SAFRAN/Composant_FPGA/Doriane/TP03_FSM/TP3_FSM/tb_tp_fsm_behav.wcfg}
close_sim
INFO: [Simtcl 6-16] Simulation closed
launch_simulation
Command: launch_simulation 
INFO: [Vivado 12-12493] Simulation top is 'tb_compteur_de_cycle'
WARNING: [Vivado 12-13340] Unable to auto find GCC executables from simulator install path! (path not set)
WARNING: [Vivado 12-13277] Compiled library path does not exist: ''
INFO: [Vivado 12-5682] Launching behavioral simulation in 'E:/Formation_SAFRAN/Composant_FPGA/Doriane/TP03_FSM/TP3_FSM/TP3_FSM.sim/sim_1/behav/xsim'
INFO: [SIM-utils-51] Simulation object is 'sim_1'
INFO: [SIM-utils-72] Using boost library from 'E:/Vivado/2022.2/tps/boost_1_72_0'
INFO: [SIM-utils-54] Inspecting design source files for 'tb_compteur_de_cycle' in fileset 'sim_1'...
INFO: [USF-XSim-97] Finding global include files...
INFO: [USF-XSim-98] Fetching design files from 'sim_1'...
INFO: [USF-XSim-2] XSim::Compile design
INFO: [USF-XSim-61] Executing 'COMPILE and ANALYZE' step in 'E:/Formation_SAFRAN/Composant_FPGA/Doriane/TP03_FSM/TP3_FSM/TP3_FSM.sim/sim_1/behav/xsim'
"xvhdl --incr --relax -prj tb_compteur_de_cycle_vhdl.prj"
INFO: [USF-XSim-69] 'compile' step finished in '2' seconds
INFO: [USF-XSim-3] XSim::Elaborate design
INFO: [USF-XSim-61] Executing 'ELABORATE' step in 'E:/Formation_SAFRAN/Composant_FPGA/Doriane/TP03_FSM/TP3_FSM/TP3_FSM.sim/sim_1/behav/xsim'
"xelab --incr --debug typical --relax --mt 2 -L xil_defaultlib -L secureip --snapshot tb_compteur_de_cycle_behav xil_defaultlib.tb_compteur_de_cycle -log elaborate.log"
Vivado Simulator v2022.2
Copyright 1986-1999, 2001-2022 Xilinx, Inc. All Rights Reserved.
Running: E:/Vivado/2022.2/bin/unwrapped/win64.o/xelab.exe --incr --debug typical --relax --mt 2 -L xil_defaultlib -L secureip --snapshot tb_compteur_de_cycle_behav xil_defaultlib.tb_compteur_de_cycle -log elaborate.log 
Using 2 slave threads.
Starting static elaboration
Completed static elaboration
INFO: [XSIM 43-4323] No Change in HDL. Linking previously generated obj files to create kernel
INFO: [USF-XSim-69] 'elaborate' step finished in '2' seconds
INFO: [USF-XSim-4] XSim::Simulate design
INFO: [USF-XSim-61] Executing 'SIMULATE' step in 'E:/Formation_SAFRAN/Composant_FPGA/Doriane/TP03_FSM/TP3_FSM/TP3_FSM.sim/sim_1/behav/xsim'
INFO: [USF-XSim-98] *** Running xsim
   with args "tb_compteur_de_cycle_behav -key {Behavioral:sim_1:Functional:tb_compteur_de_cycle} -tclbatch {tb_compteur_de_cycle.tcl} -view {E:/Formation_SAFRAN/Composant_FPGA/Doriane/TP03_FSM/TP3_FSM/tb_tp_fsm_behav.wcfg} -log {simulate.log}"
INFO: [USF-XSim-8] Loading simulator feature
Time resolution is 1 ps
open_wave_config E:/Formation_SAFRAN/Composant_FPGA/Doriane/TP03_FSM/TP3_FSM/tb_tp_fsm_behav.wcfg
source tb_compteur_de_cycle.tcl
# set curr_wave [current_wave_config]
# if { [string length $curr_wave] == 0 } {
#   if { [llength [get_objects]] > 0} {
#     add_wave /
#     set_property needs_save false [current_wave_config]
#   } else {
#      send_msg_id Add_Wave-1 WARNING "No top level signals found. Simulator will start without a wave window. If you want to open a wave window go to 'File->New Waveform Configuration' or type 'create_wave_config' in the TCL console."
#   }
# }
# run 1000ns
INFO: [USF-XSim-96] XSim completed. Design snapshot 'tb_compteur_de_cycle_behav' loaded.
INFO: [USF-XSim-97] XSim simulation ran for 1000ns
launch_simulation: Time (s): cpu = 00:00:06 ; elapsed = 00:00:09 . Memory (MB): peak = 1127.801 ; gain = 0.000
close_sim
INFO: [Simtcl 6-16] Simulation closed
launch_simulation
Command: launch_simulation 
INFO: [Vivado 12-12493] Simulation top is 'tb_compteur_de_cycle'
WARNING: [Vivado 12-13340] Unable to auto find GCC executables from simulator install path! (path not set)
WARNING: [Vivado 12-13277] Compiled library path does not exist: ''
INFO: [Vivado 12-5682] Launching behavioral simulation in 'E:/Formation_SAFRAN/Composant_FPGA/Doriane/TP03_FSM/TP3_FSM/TP3_FSM.sim/sim_1/behav/xsim'
INFO: [SIM-utils-51] Simulation object is 'sim_1'
INFO: [SIM-utils-72] Using boost library from 'E:/Vivado/2022.2/tps/boost_1_72_0'
INFO: [SIM-utils-54] Inspecting design source files for 'tb_compteur_de_cycle' in fileset 'sim_1'...
INFO: [USF-XSim-97] Finding global include files...
INFO: [USF-XSim-98] Fetching design files from 'sim_1'...
INFO: [USF-XSim-2] XSim::Compile design
INFO: [USF-XSim-61] Executing 'COMPILE and ANALYZE' step in 'E:/Formation_SAFRAN/Composant_FPGA/Doriane/TP03_FSM/TP3_FSM/TP3_FSM.sim/sim_1/behav/xsim'
"xvhdl --incr --relax -prj tb_compteur_de_cycle_vhdl.prj"
INFO: [VRFC 10-163] Analyzing VHDL file "E:/Formation_SAFRAN/Composant_FPGA/Doriane/TP03_FSM/Q3_compteur_de_cycle.vhd" into library xil_defaultlib
INFO: [VRFC 10-3107] analyzing entity 'compteur_de_cycle'
INFO: [VRFC 10-163] Analyzing VHDL file "E:/Formation_SAFRAN/Composant_FPGA/Doriane/TP03_FSM/Tb_Q3_compteur_de_cycle.vhd" into library xil_defaultlib
INFO: [VRFC 10-3107] analyzing entity 'tb_compteur_de_cycle'
INFO: [USF-XSim-69] 'compile' step finished in '4' seconds
INFO: [USF-XSim-3] XSim::Elaborate design
INFO: [USF-XSim-61] Executing 'ELABORATE' step in 'E:/Formation_SAFRAN/Composant_FPGA/Doriane/TP03_FSM/TP3_FSM/TP3_FSM.sim/sim_1/behav/xsim'
"xelab --incr --debug typical --relax --mt 2 -L xil_defaultlib -L secureip --snapshot tb_compteur_de_cycle_behav xil_defaultlib.tb_compteur_de_cycle -log elaborate.log"
Vivado Simulator v2022.2
Copyright 1986-1999, 2001-2022 Xilinx, Inc. All Rights Reserved.
Running: E:/Vivado/2022.2/bin/unwrapped/win64.o/xelab.exe --incr --debug typical --relax --mt 2 -L xil_defaultlib -L secureip --snapshot tb_compteur_de_cycle_behav xil_defaultlib.tb_compteur_de_cycle -log elaborate.log 
Using 2 slave threads.
Starting static elaboration
Completed static elaboration
Starting simulation data flow analysis
Completed simulation data flow analysis
Time Resolution for simulation is 1ps
Compiling package std.standard
Compiling package std.textio
Compiling package ieee.std_logic_1164
Compiling package ieee.numeric_std
Compiling package ieee.std_logic_arith
Compiling package ieee.std_logic_unsigned
Compiling architecture behavioral of entity xil_defaultlib.counter_unit [\counter_unit(time_value=6)\]
Compiling architecture behavioral of entity xil_defaultlib.compteur_de_cycle [compteur_de_cycle_default]
Compiling architecture behavioral of entity xil_defaultlib.tb_compteur_de_cycle
Built simulation snapshot tb_compteur_de_cycle_behav
INFO: [USF-XSim-69] 'elaborate' step finished in '4' seconds
INFO: [USF-XSim-4] XSim::Simulate design
INFO: [USF-XSim-61] Executing 'SIMULATE' step in 'E:/Formation_SAFRAN/Composant_FPGA/Doriane/TP03_FSM/TP3_FSM/TP3_FSM.sim/sim_1/behav/xsim'
INFO: [USF-XSim-98] *** Running xsim
   with args "tb_compteur_de_cycle_behav -key {Behavioral:sim_1:Functional:tb_compteur_de_cycle} -tclbatch {tb_compteur_de_cycle.tcl} -view {E:/Formation_SAFRAN/Composant_FPGA/Doriane/TP03_FSM/TP3_FSM/tb_tp_fsm_behav.wcfg} -log {simulate.log}"
INFO: [USF-XSim-8] Loading simulator feature
Time resolution is 1 ps
open_wave_config E:/Formation_SAFRAN/Composant_FPGA/Doriane/TP03_FSM/TP3_FSM/tb_tp_fsm_behav.wcfg
source tb_compteur_de_cycle.tcl
# set curr_wave [current_wave_config]
# if { [string length $curr_wave] == 0 } {
#   if { [llength [get_objects]] > 0} {
#     add_wave /
#     set_property needs_save false [current_wave_config]
#   } else {
#      send_msg_id Add_Wave-1 WARNING "No top level signals found. Simulator will start without a wave window. If you want to open a wave window go to 'File->New Waveform Configuration' or type 'create_wave_config' in the TCL console."
#   }
# }
# run 1000ns
INFO: [USF-XSim-96] XSim completed. Design snapshot 'tb_compteur_de_cycle_behav' loaded.
INFO: [USF-XSim-97] XSim simulation ran for 1000ns
launch_simulation: Time (s): cpu = 00:00:07 ; elapsed = 00:00:13 . Memory (MB): peak = 1759.344 ; gain = 0.000
close_sim
INFO: [Simtcl 6-16] Simulation closed
launch_simulation
Command: launch_simulation 
INFO: [Vivado 12-12493] Simulation top is 'tb_compteur_de_cycle'
WARNING: [Vivado 12-13340] Unable to auto find GCC executables from simulator install path! (path not set)
WARNING: [Vivado 12-13277] Compiled library path does not exist: ''
INFO: [Vivado 12-5682] Launching behavioral simulation in 'E:/Formation_SAFRAN/Composant_FPGA/Doriane/TP03_FSM/TP3_FSM/TP3_FSM.sim/sim_1/behav/xsim'
INFO: [SIM-utils-51] Simulation object is 'sim_1'
INFO: [SIM-utils-72] Using boost library from 'E:/Vivado/2022.2/tps/boost_1_72_0'
INFO: [SIM-utils-54] Inspecting design source files for 'tb_compteur_de_cycle' in fileset 'sim_1'...
INFO: [USF-XSim-97] Finding global include files...
INFO: [USF-XSim-98] Fetching design files from 'sim_1'...
INFO: [USF-XSim-2] XSim::Compile design
INFO: [USF-XSim-61] Executing 'COMPILE and ANALYZE' step in 'E:/Formation_SAFRAN/Composant_FPGA/Doriane/TP03_FSM/TP3_FSM/TP3_FSM.sim/sim_1/behav/xsim'
"xvhdl --incr --relax -prj tb_compteur_de_cycle_vhdl.prj"
INFO: [VRFC 10-163] Analyzing VHDL file "E:/Formation_SAFRAN/Composant_FPGA/Doriane/TP03_FSM/Q3_compteur_de_cycle.vhd" into library xil_defaultlib
INFO: [VRFC 10-3107] analyzing entity 'compteur_de_cycle'
INFO: [VRFC 10-163] Analyzing VHDL file "E:/Formation_SAFRAN/Composant_FPGA/Doriane/TP03_FSM/Tb_Q3_compteur_de_cycle.vhd" into library xil_defaultlib
INFO: [VRFC 10-3107] analyzing entity 'tb_compteur_de_cycle'
INFO: [USF-XSim-69] 'compile' step finished in '3' seconds
INFO: [USF-XSim-3] XSim::Elaborate design
INFO: [USF-XSim-61] Executing 'ELABORATE' step in 'E:/Formation_SAFRAN/Composant_FPGA/Doriane/TP03_FSM/TP3_FSM/TP3_FSM.sim/sim_1/behav/xsim'
"xelab --incr --debug typical --relax --mt 2 -L xil_defaultlib -L secureip --snapshot tb_compteur_de_cycle_behav xil_defaultlib.tb_compteur_de_cycle -log elaborate.log"
Vivado Simulator v2022.2
Copyright 1986-1999, 2001-2022 Xilinx, Inc. All Rights Reserved.
Running: E:/Vivado/2022.2/bin/unwrapped/win64.o/xelab.exe --incr --debug typical --relax --mt 2 -L xil_defaultlib -L secureip --snapshot tb_compteur_de_cycle_behav xil_defaultlib.tb_compteur_de_cycle -log elaborate.log 
Using 2 slave threads.
Starting static elaboration
Completed static elaboration
Starting simulation data flow analysis
Completed simulation data flow analysis
Time Resolution for simulation is 1ps
Compiling package std.standard
Compiling package std.textio
Compiling package ieee.std_logic_1164
Compiling package ieee.numeric_std
Compiling package ieee.std_logic_arith
Compiling package ieee.std_logic_unsigned
Compiling architecture behavioral of entity xil_defaultlib.counter_unit [\counter_unit(time_value=6)\]
Compiling architecture behavioral of entity xil_defaultlib.compteur_de_cycle [compteur_de_cycle_default]
Compiling architecture behavioral of entity xil_defaultlib.tb_compteur_de_cycle
Built simulation snapshot tb_compteur_de_cycle_behav
INFO: [USF-XSim-69] 'elaborate' step finished in '4' seconds
INFO: [USF-XSim-4] XSim::Simulate design
INFO: [USF-XSim-61] Executing 'SIMULATE' step in 'E:/Formation_SAFRAN/Composant_FPGA/Doriane/TP03_FSM/TP3_FSM/TP3_FSM.sim/sim_1/behav/xsim'
INFO: [USF-XSim-98] *** Running xsim
   with args "tb_compteur_de_cycle_behav -key {Behavioral:sim_1:Functional:tb_compteur_de_cycle} -tclbatch {tb_compteur_de_cycle.tcl} -view {E:/Formation_SAFRAN/Composant_FPGA/Doriane/TP03_FSM/TP3_FSM/tb_tp_fsm_behav.wcfg} -log {simulate.log}"
INFO: [USF-XSim-8] Loading simulator feature
Time resolution is 1 ps
open_wave_config E:/Formation_SAFRAN/Composant_FPGA/Doriane/TP03_FSM/TP3_FSM/tb_tp_fsm_behav.wcfg
WARNING: Simulation object /tb_compteur_de_cycle/uut/current_state was not found in the design.
WARNING: Simulation object /tb_compteur_de_cycle/uut/next_state was not found in the design.
WARNING: Simulation object /tb_compteur_de_cycle/uut/OUT_R was not found in the design.
WARNING: Simulation object /tb_compteur_de_cycle/uut/OUT_B was not found in the design.
WARNING: Simulation object /tb_compteur_de_cycle/uut/OUT_V was not found in the design.
source tb_compteur_de_cycle.tcl
# set curr_wave [current_wave_config]
# if { [string length $curr_wave] == 0 } {
#   if { [llength [get_objects]] > 0} {
#     add_wave /
#     set_property needs_save false [current_wave_config]
#   } else {
#      send_msg_id Add_Wave-1 WARNING "No top level signals found. Simulator will start without a wave window. If you want to open a wave window go to 'File->New Waveform Configuration' or type 'create_wave_config' in the TCL console."
#   }
# }
# run 1000ns
INFO: [USF-XSim-96] XSim completed. Design snapshot 'tb_compteur_de_cycle_behav' loaded.
INFO: [USF-XSim-97] XSim simulation ran for 1000ns
launch_simulation: Time (s): cpu = 00:00:05 ; elapsed = 00:00:10 . Memory (MB): peak = 1759.344 ; gain = 0.000
save_wave_config {E:/Formation_SAFRAN/Composant_FPGA/Doriane/TP03_FSM/TP3_FSM/tb_tp_fsm_behav.wcfg}
close_sim
INFO: [Simtcl 6-16] Simulation closed
launch_simulation
Command: launch_simulation 
INFO: [Vivado 12-12493] Simulation top is 'tb_compteur_de_cycle'
WARNING: [Vivado 12-13340] Unable to auto find GCC executables from simulator install path! (path not set)
WARNING: [Vivado 12-13277] Compiled library path does not exist: ''
INFO: [Vivado 12-5682] Launching behavioral simulation in 'E:/Formation_SAFRAN/Composant_FPGA/Doriane/TP03_FSM/TP3_FSM/TP3_FSM.sim/sim_1/behav/xsim'
INFO: [SIM-utils-51] Simulation object is 'sim_1'
INFO: [SIM-utils-72] Using boost library from 'E:/Vivado/2022.2/tps/boost_1_72_0'
INFO: [SIM-utils-54] Inspecting design source files for 'tb_compteur_de_cycle' in fileset 'sim_1'...
INFO: [USF-XSim-97] Finding global include files...
INFO: [USF-XSim-98] Fetching design files from 'sim_1'...
INFO: [USF-XSim-2] XSim::Compile design
INFO: [USF-XSim-61] Executing 'COMPILE and ANALYZE' step in 'E:/Formation_SAFRAN/Composant_FPGA/Doriane/TP03_FSM/TP3_FSM/TP3_FSM.sim/sim_1/behav/xsim'
"xvhdl --incr --relax -prj tb_compteur_de_cycle_vhdl.prj"
INFO: [VRFC 10-163] Analyzing VHDL file "E:/Formation_SAFRAN/Composant_FPGA/Doriane/TP03_FSM/Tb_Q3_compteur_de_cycle.vhd" into library xil_defaultlib
INFO: [VRFC 10-3107] analyzing entity 'tb_compteur_de_cycle'
INFO: [USF-XSim-69] 'compile' step finished in '2' seconds
INFO: [USF-XSim-3] XSim::Elaborate design
INFO: [USF-XSim-61] Executing 'ELABORATE' step in 'E:/Formation_SAFRAN/Composant_FPGA/Doriane/TP03_FSM/TP3_FSM/TP3_FSM.sim/sim_1/behav/xsim'
"xelab --incr --debug typical --relax --mt 2 -L xil_defaultlib -L secureip --snapshot tb_compteur_de_cycle_behav xil_defaultlib.tb_compteur_de_cycle -log elaborate.log"
Vivado Simulator v2022.2
Copyright 1986-1999, 2001-2022 Xilinx, Inc. All Rights Reserved.
Running: E:/Vivado/2022.2/bin/unwrapped/win64.o/xelab.exe --incr --debug typical --relax --mt 2 -L xil_defaultlib -L secureip --snapshot tb_compteur_de_cycle_behav xil_defaultlib.tb_compteur_de_cycle -log elaborate.log 
Using 2 slave threads.
Starting static elaboration
Completed static elaboration
Starting simulation data flow analysis
Completed simulation data flow analysis
Time Resolution for simulation is 1ps
Compiling package std.standard
Compiling package std.textio
Compiling package ieee.std_logic_1164
Compiling package ieee.numeric_std
Compiling package ieee.std_logic_arith
Compiling package ieee.std_logic_unsigned
Compiling architecture behavioral of entity xil_defaultlib.counter_unit [\counter_unit(time_value=6)\]
Compiling architecture behavioral of entity xil_defaultlib.compteur_de_cycle [compteur_de_cycle_default]
Compiling architecture behavioral of entity xil_defaultlib.tb_compteur_de_cycle
Built simulation snapshot tb_compteur_de_cycle_behav
INFO: [USF-XSim-69] 'elaborate' step finished in '3' seconds
INFO: [USF-XSim-4] XSim::Simulate design
INFO: [USF-XSim-61] Executing 'SIMULATE' step in 'E:/Formation_SAFRAN/Composant_FPGA/Doriane/TP03_FSM/TP3_FSM/TP3_FSM.sim/sim_1/behav/xsim'
INFO: [USF-XSim-98] *** Running xsim
   with args "tb_compteur_de_cycle_behav -key {Behavioral:sim_1:Functional:tb_compteur_de_cycle} -tclbatch {tb_compteur_de_cycle.tcl} -view {E:/Formation_SAFRAN/Composant_FPGA/Doriane/TP03_FSM/TP3_FSM/tb_tp_fsm_behav.wcfg} -log {simulate.log}"
INFO: [USF-XSim-8] Loading simulator feature
Time resolution is 1 ps
open_wave_config E:/Formation_SAFRAN/Composant_FPGA/Doriane/TP03_FSM/TP3_FSM/tb_tp_fsm_behav.wcfg
source tb_compteur_de_cycle.tcl
# set curr_wave [current_wave_config]
# if { [string length $curr_wave] == 0 } {
#   if { [llength [get_objects]] > 0} {
#     add_wave /
#     set_property needs_save false [current_wave_config]
#   } else {
#      send_msg_id Add_Wave-1 WARNING "No top level signals found. Simulator will start without a wave window. If you want to open a wave window go to 'File->New Waveform Configuration' or type 'create_wave_config' in the TCL console."
#   }
# }
# run 1000ns
INFO: [USF-XSim-96] XSim completed. Design snapshot 'tb_compteur_de_cycle_behav' loaded.
INFO: [USF-XSim-97] XSim simulation ran for 1000ns
launch_simulation: Time (s): cpu = 00:00:04 ; elapsed = 00:00:09 . Memory (MB): peak = 1759.344 ; gain = 0.000
save_wave_config {E:/Formation_SAFRAN/Composant_FPGA/Doriane/TP03_FSM/TP3_FSM/tb_tp_fsm_behav.wcfg}
save_wave_config {E:/Formation_SAFRAN/Composant_FPGA/Doriane/TP03_FSM/TP3_FSM/tb_tp_fsm_behav.wcfg}
close_sim
INFO: [Simtcl 6-16] Simulation closed
launch_simulation
Command: launch_simulation 
INFO: [Vivado 12-12493] Simulation top is 'tb_compteur_de_cycle'
WARNING: [Vivado 12-13340] Unable to auto find GCC executables from simulator install path! (path not set)
WARNING: [Vivado 12-13277] Compiled library path does not exist: ''
INFO: [Vivado 12-5682] Launching behavioral simulation in 'E:/Formation_SAFRAN/Composant_FPGA/Doriane/TP03_FSM/TP3_FSM/TP3_FSM.sim/sim_1/behav/xsim'
INFO: [SIM-utils-51] Simulation object is 'sim_1'
INFO: [SIM-utils-72] Using boost library from 'E:/Vivado/2022.2/tps/boost_1_72_0'
INFO: [SIM-utils-54] Inspecting design source files for 'tb_compteur_de_cycle' in fileset 'sim_1'...
INFO: [USF-XSim-97] Finding global include files...
INFO: [USF-XSim-98] Fetching design files from 'sim_1'...
INFO: [USF-XSim-2] XSim::Compile design
INFO: [USF-XSim-61] Executing 'COMPILE and ANALYZE' step in 'E:/Formation_SAFRAN/Composant_FPGA/Doriane/TP03_FSM/TP3_FSM/TP3_FSM.sim/sim_1/behav/xsim'
"xvhdl --incr --relax -prj tb_compteur_de_cycle_vhdl.prj"
INFO: [USF-XSim-69] 'compile' step finished in '3' seconds
INFO: [USF-XSim-3] XSim::Elaborate design
INFO: [USF-XSim-61] Executing 'ELABORATE' step in 'E:/Formation_SAFRAN/Composant_FPGA/Doriane/TP03_FSM/TP3_FSM/TP3_FSM.sim/sim_1/behav/xsim'
"xelab --incr --debug typical --relax --mt 2 -L xil_defaultlib -L secureip --snapshot tb_compteur_de_cycle_behav xil_defaultlib.tb_compteur_de_cycle -log elaborate.log"
Vivado Simulator v2022.2
Copyright 1986-1999, 2001-2022 Xilinx, Inc. All Rights Reserved.
Running: E:/Vivado/2022.2/bin/unwrapped/win64.o/xelab.exe --incr --debug typical --relax --mt 2 -L xil_defaultlib -L secureip --snapshot tb_compteur_de_cycle_behav xil_defaultlib.tb_compteur_de_cycle -log elaborate.log 
Using 2 slave threads.
Starting static elaboration
Completed static elaboration
INFO: [XSIM 43-4323] No Change in HDL. Linking previously generated obj files to create kernel
INFO: [USF-XSim-69] 'elaborate' step finished in '3' seconds
INFO: [USF-XSim-4] XSim::Simulate design
INFO: [USF-XSim-61] Executing 'SIMULATE' step in 'E:/Formation_SAFRAN/Composant_FPGA/Doriane/TP03_FSM/TP3_FSM/TP3_FSM.sim/sim_1/behav/xsim'
INFO: [USF-XSim-98] *** Running xsim
   with args "tb_compteur_de_cycle_behav -key {Behavioral:sim_1:Functional:tb_compteur_de_cycle} -tclbatch {tb_compteur_de_cycle.tcl} -view {E:/Formation_SAFRAN/Composant_FPGA/Doriane/TP03_FSM/TP3_FSM/tb_tp_fsm_behav.wcfg} -log {simulate.log}"
INFO: [USF-XSim-8] Loading simulator feature
Time resolution is 1 ps
open_wave_config E:/Formation_SAFRAN/Composant_FPGA/Doriane/TP03_FSM/TP3_FSM/tb_tp_fsm_behav.wcfg
source tb_compteur_de_cycle.tcl
# set curr_wave [current_wave_config]
# if { [string length $curr_wave] == 0 } {
#   if { [llength [get_objects]] > 0} {
#     add_wave /
#     set_property needs_save false [current_wave_config]
#   } else {
#      send_msg_id Add_Wave-1 WARNING "No top level signals found. Simulator will start without a wave window. If you want to open a wave window go to 'File->New Waveform Configuration' or type 'create_wave_config' in the TCL console."
#   }
# }
# run 1000ns
INFO: [USF-XSim-96] XSim completed. Design snapshot 'tb_compteur_de_cycle_behav' loaded.
INFO: [USF-XSim-97] XSim simulation ran for 1000ns
launch_simulation: Time (s): cpu = 00:00:03 ; elapsed = 00:00:09 . Memory (MB): peak = 1759.344 ; gain = 0.000
save_wave_config {E:/Formation_SAFRAN/Composant_FPGA/Doriane/TP03_FSM/TP3_FSM/tb_tp_fsm_behav.wcfg}
save_wave_config {E:/Formation_SAFRAN/Composant_FPGA/Doriane/TP03_FSM/TP3_FSM/tb_tp_fsm_behav.wcfg}
synth_design -rtl -rtl_skip_mlo -name rtl_1
Command: synth_design -rtl -rtl_skip_mlo -name rtl_1
Starting synth_design
Using part: xc7z010clg400-1
Top: compteur_de_cycle
INFO: [Device 21-403] Loading part xc7z010clg400-1
INFO: [Synth 8-11241] undeclared symbol 'REGCCE', assumed default net type 'wire' [E:/Vivado/2022.2/data/verilog/src/unimacro/BRAM_SINGLE_MACRO.v:2170]
---------------------------------------------------------------------------------
Starting RTL Elaboration : Time (s): cpu = 00:00:10 ; elapsed = 00:00:10 . Memory (MB): peak = 1965.281 ; gain = 205.938
---------------------------------------------------------------------------------
INFO: [Synth 8-638] synthesizing module 'compteur_de_cycle' [E:/Formation_SAFRAN/Composant_FPGA/Doriane/TP03_FSM/Q3_compteur_de_cycle.vhd:18]
INFO: [Synth 8-3491] module 'counter_unit' declared at 'E:/Formation_SAFRAN/Composant_FPGA/Doriane/TP03_FSM/Counter_unit.vhd:6' bound to instance 'COUNTER' of component 'counter_unit' [E:/Formation_SAFRAN/Composant_FPGA/Doriane/TP03_FSM/Q3_compteur_de_cycle.vhd:43]
INFO: [Synth 8-638] synthesizing module 'counter_unit' [E:/Formation_SAFRAN/Composant_FPGA/Doriane/TP03_FSM/Counter_unit.vhd:18]
	Parameter Time_value bound to: 6 - type: integer 
INFO: [Synth 8-256] done synthesizing module 'counter_unit' (0#1) [E:/Formation_SAFRAN/Composant_FPGA/Doriane/TP03_FSM/Counter_unit.vhd:18]
INFO: [Synth 8-256] done synthesizing module 'compteur_de_cycle' (0#1) [E:/Formation_SAFRAN/Composant_FPGA/Doriane/TP03_FSM/Q3_compteur_de_cycle.vhd:18]
WARNING: [Synth 8-6014] Unused sequential element Clk_cnt_reg was removed.  [E:/Formation_SAFRAN/Composant_FPGA/Doriane/TP03_FSM/Q3_compteur_de_cycle.vhd:55]
WARNING: [Synth 8-6014] Unused sequential element LED_State_reg was removed.  [E:/Formation_SAFRAN/Composant_FPGA/Doriane/TP03_FSM/Q3_compteur_de_cycle.vhd:56]
---------------------------------------------------------------------------------
Finished RTL Elaboration : Time (s): cpu = 00:00:13 ; elapsed = 00:00:13 . Memory (MB): peak = 2051.652 ; gain = 292.309
---------------------------------------------------------------------------------
---------------------------------------------------------------------------------
Start Handling Custom Attributes
---------------------------------------------------------------------------------
---------------------------------------------------------------------------------
Finished Handling Custom Attributes : Time (s): cpu = 00:00:13 ; elapsed = 00:00:13 . Memory (MB): peak = 2051.652 ; gain = 292.309
---------------------------------------------------------------------------------
---------------------------------------------------------------------------------
Finished RTL Optimization Phase 1 : Time (s): cpu = 00:00:13 ; elapsed = 00:00:13 . Memory (MB): peak = 2051.652 ; gain = 292.309
---------------------------------------------------------------------------------
Netlist sorting complete. Time (s): cpu = 00:00:00 ; elapsed = 00:00:00.003 . Memory (MB): peak = 2051.652 ; gain = 0.000
INFO: [Project 1-570] Preparing netlist for logic optimization

Processing XDC Constraints
Initializing timing engine
Parsing XDC File [E:/Formation_SAFRAN/Composant_FPGA/Doriane/TP03_FSM/Cora-Z7-10-Master.xdc]
WARNING: [Vivado 12-584] No ports matched 'OUT_B'. [E:/Formation_SAFRAN/Composant_FPGA/Doriane/TP03_FSM/Cora-Z7-10-Master.xdc:12]
CRITICAL WARNING: [Common 17-55] 'set_property' expects at least one object. [E:/Formation_SAFRAN/Composant_FPGA/Doriane/TP03_FSM/Cora-Z7-10-Master.xdc:12]
Resolution: If [get_<value>] was used to populate the object, check to make sure this command returns at least one valid object.
WARNING: [Vivado 12-584] No ports matched 'OUT_V'. [E:/Formation_SAFRAN/Composant_FPGA/Doriane/TP03_FSM/Cora-Z7-10-Master.xdc:13]
CRITICAL WARNING: [Common 17-55] 'set_property' expects at least one object. [E:/Formation_SAFRAN/Composant_FPGA/Doriane/TP03_FSM/Cora-Z7-10-Master.xdc:13]
Resolution: If [get_<value>] was used to populate the object, check to make sure this command returns at least one valid object.
WARNING: [Vivado 12-584] No ports matched 'OUT_R'. [E:/Formation_SAFRAN/Composant_FPGA/Doriane/TP03_FSM/Cora-Z7-10-Master.xdc:14]
CRITICAL WARNING: [Common 17-55] 'set_property' expects at least one object. [E:/Formation_SAFRAN/Composant_FPGA/Doriane/TP03_FSM/Cora-Z7-10-Master.xdc:14]
Resolution: If [get_<value>] was used to populate the object, check to make sure this command returns at least one valid object.
Finished Parsing XDC File [E:/Formation_SAFRAN/Composant_FPGA/Doriane/TP03_FSM/Cora-Z7-10-Master.xdc]
Completed Processing XDC Constraints

Netlist sorting complete. Time (s): cpu = 00:00:00 ; elapsed = 00:00:00 . Memory (MB): peak = 2112.375 ; gain = 0.000
INFO: [Project 1-111] Unisim Transformation Summary:
No Unisim elements were transformed.

RTL Elaboration Complete:  : Time (s): cpu = 00:00:25 ; elapsed = 00:00:21 . Memory (MB): peak = 2137.586 ; gain = 378.242
9 Infos, 5 Warnings, 3 Critical Warnings and 0 Errors encountered.
synth_design completed successfully
synth_design: Time (s): cpu = 00:00:31 ; elapsed = 00:00:30 . Memory (MB): peak = 2137.586 ; gain = 378.242
close_sim
INFO: [Simtcl 6-16] Simulation closed
launch_simulation
Command: launch_simulation 
INFO: [Vivado 12-12493] Simulation top is 'tb_compteur_de_cycle'
WARNING: [Vivado 12-13340] Unable to auto find GCC executables from simulator install path! (path not set)
WARNING: [Vivado 12-13277] Compiled library path does not exist: ''
INFO: [Vivado 12-5682] Launching behavioral simulation in 'E:/Formation_SAFRAN/Composant_FPGA/Doriane/TP03_FSM/TP3_FSM/TP3_FSM.sim/sim_1/behav/xsim'
INFO: [SIM-utils-51] Simulation object is 'sim_1'
INFO: [SIM-utils-72] Using boost library from 'E:/Vivado/2022.2/tps/boost_1_72_0'
INFO: [SIM-utils-54] Inspecting design source files for 'tb_compteur_de_cycle' in fileset 'sim_1'...
INFO: [USF-XSim-97] Finding global include files...
INFO: [USF-XSim-98] Fetching design files from 'sim_1'...
INFO: [USF-XSim-2] XSim::Compile design
INFO: [USF-XSim-61] Executing 'COMPILE and ANALYZE' step in 'E:/Formation_SAFRAN/Composant_FPGA/Doriane/TP03_FSM/TP3_FSM/TP3_FSM.sim/sim_1/behav/xsim'
"xvhdl --incr --relax -prj tb_compteur_de_cycle_vhdl.prj"
INFO: [USF-XSim-69] 'compile' step finished in '3' seconds
INFO: [USF-XSim-3] XSim::Elaborate design
INFO: [USF-XSim-61] Executing 'ELABORATE' step in 'E:/Formation_SAFRAN/Composant_FPGA/Doriane/TP03_FSM/TP3_FSM/TP3_FSM.sim/sim_1/behav/xsim'
"xelab --incr --debug typical --relax --mt 2 -L xil_defaultlib -L secureip --snapshot tb_compteur_de_cycle_behav xil_defaultlib.tb_compteur_de_cycle -log elaborate.log"
Vivado Simulator v2022.2
Copyright 1986-1999, 2001-2022 Xilinx, Inc. All Rights Reserved.
Running: E:/Vivado/2022.2/bin/unwrapped/win64.o/xelab.exe --incr --debug typical --relax --mt 2 -L xil_defaultlib -L secureip --snapshot tb_compteur_de_cycle_behav xil_defaultlib.tb_compteur_de_cycle -log elaborate.log 
Using 2 slave threads.
Starting static elaboration
Completed static elaboration
INFO: [XSIM 43-4323] No Change in HDL. Linking previously generated obj files to create kernel
INFO: [USF-XSim-69] 'elaborate' step finished in '3' seconds
INFO: [USF-XSim-4] XSim::Simulate design
INFO: [USF-XSim-61] Executing 'SIMULATE' step in 'E:/Formation_SAFRAN/Composant_FPGA/Doriane/TP03_FSM/TP3_FSM/TP3_FSM.sim/sim_1/behav/xsim'
INFO: [USF-XSim-98] *** Running xsim
   with args "tb_compteur_de_cycle_behav -key {Behavioral:sim_1:Functional:tb_compteur_de_cycle} -tclbatch {tb_compteur_de_cycle.tcl} -view {E:/Formation_SAFRAN/Composant_FPGA/Doriane/TP03_FSM/TP3_FSM/tb_tp_fsm_behav.wcfg} -log {simulate.log}"
INFO: [USF-XSim-8] Loading simulator feature
Time resolution is 1 ps
open_wave_config E:/Formation_SAFRAN/Composant_FPGA/Doriane/TP03_FSM/TP3_FSM/tb_tp_fsm_behav.wcfg
source tb_compteur_de_cycle.tcl
# set curr_wave [current_wave_config]
# if { [string length $curr_wave] == 0 } {
#   if { [llength [get_objects]] > 0} {
#     add_wave /
#     set_property needs_save false [current_wave_config]
#   } else {
#      send_msg_id Add_Wave-1 WARNING "No top level signals found. Simulator will start without a wave window. If you want to open a wave window go to 'File->New Waveform Configuration' or type 'create_wave_config' in the TCL console."
#   }
# }
# run 1000ns
INFO: [USF-XSim-96] XSim completed. Design snapshot 'tb_compteur_de_cycle_behav' loaded.
INFO: [USF-XSim-97] XSim simulation ran for 1000ns
launch_simulation: Time (s): cpu = 00:00:05 ; elapsed = 00:00:09 . Memory (MB): peak = 2144.953 ; gain = 0.000
close_design
close_sim
INFO: [Simtcl 6-16] Simulation closed
launch_simulation
Command: launch_simulation 
INFO: [Vivado 12-12493] Simulation top is 'tb_compteur_de_cycle'
WARNING: [Vivado 12-13340] Unable to auto find GCC executables from simulator install path! (path not set)
WARNING: [Vivado 12-13277] Compiled library path does not exist: ''
INFO: [Vivado 12-5682] Launching behavioral simulation in 'E:/Formation_SAFRAN/Composant_FPGA/Doriane/TP03_FSM/TP3_FSM/TP3_FSM.sim/sim_1/behav/xsim'
INFO: [SIM-utils-51] Simulation object is 'sim_1'
INFO: [SIM-utils-72] Using boost library from 'E:/Vivado/2022.2/tps/boost_1_72_0'
INFO: [SIM-utils-54] Inspecting design source files for 'tb_compteur_de_cycle' in fileset 'sim_1'...
INFO: [USF-XSim-97] Finding global include files...
INFO: [USF-XSim-98] Fetching design files from 'sim_1'...
INFO: [USF-XSim-2] XSim::Compile design
INFO: [USF-XSim-61] Executing 'COMPILE and ANALYZE' step in 'E:/Formation_SAFRAN/Composant_FPGA/Doriane/TP03_FSM/TP3_FSM/TP3_FSM.sim/sim_1/behav/xsim'
"xvhdl --incr --relax -prj tb_compteur_de_cycle_vhdl.prj"
INFO: [VRFC 10-163] Analyzing VHDL file "E:/Formation_SAFRAN/Composant_FPGA/Doriane/TP03_FSM/Q3_compteur_de_cycle.vhd" into library xil_defaultlib
INFO: [VRFC 10-3107] analyzing entity 'compteur_de_cycle'
INFO: [USF-XSim-69] 'compile' step finished in '3' seconds
INFO: [USF-XSim-3] XSim::Elaborate design
INFO: [USF-XSim-61] Executing 'ELABORATE' step in 'E:/Formation_SAFRAN/Composant_FPGA/Doriane/TP03_FSM/TP3_FSM/TP3_FSM.sim/sim_1/behav/xsim'
"xelab --incr --debug typical --relax --mt 2 -L xil_defaultlib -L secureip --snapshot tb_compteur_de_cycle_behav xil_defaultlib.tb_compteur_de_cycle -log elaborate.log"
Vivado Simulator v2022.2
Copyright 1986-1999, 2001-2022 Xilinx, Inc. All Rights Reserved.
Running: E:/Vivado/2022.2/bin/unwrapped/win64.o/xelab.exe --incr --debug typical --relax --mt 2 -L xil_defaultlib -L secureip --snapshot tb_compteur_de_cycle_behav xil_defaultlib.tb_compteur_de_cycle -log elaborate.log 
Using 2 slave threads.
Starting static elaboration
Completed static elaboration
Starting simulation data flow analysis
Completed simulation data flow analysis
Time Resolution for simulation is 1ps
Compiling package std.standard
Compiling package std.textio
Compiling package ieee.std_logic_1164
Compiling package ieee.numeric_std
Compiling package ieee.std_logic_arith
Compiling package ieee.std_logic_unsigned
Compiling architecture behavioral of entity xil_defaultlib.counter_unit [\counter_unit(time_value=6)\]
Compiling architecture behavioral of entity xil_defaultlib.compteur_de_cycle [compteur_de_cycle_default]
Compiling architecture behavioral of entity xil_defaultlib.tb_compteur_de_cycle
Built simulation snapshot tb_compteur_de_cycle_behav
INFO: [USF-XSim-69] 'elaborate' step finished in '4' seconds
INFO: [USF-XSim-4] XSim::Simulate design
INFO: [USF-XSim-61] Executing 'SIMULATE' step in 'E:/Formation_SAFRAN/Composant_FPGA/Doriane/TP03_FSM/TP3_FSM/TP3_FSM.sim/sim_1/behav/xsim'
INFO: [USF-XSim-98] *** Running xsim
   with args "tb_compteur_de_cycle_behav -key {Behavioral:sim_1:Functional:tb_compteur_de_cycle} -tclbatch {tb_compteur_de_cycle.tcl} -view {E:/Formation_SAFRAN/Composant_FPGA/Doriane/TP03_FSM/TP3_FSM/tb_tp_fsm_behav.wcfg} -log {simulate.log}"
INFO: [USF-XSim-8] Loading simulator feature
Time resolution is 1 ps
open_wave_config E:/Formation_SAFRAN/Composant_FPGA/Doriane/TP03_FSM/TP3_FSM/tb_tp_fsm_behav.wcfg
source tb_compteur_de_cycle.tcl
# set curr_wave [current_wave_config]
# if { [string length $curr_wave] == 0 } {
#   if { [llength [get_objects]] > 0} {
#     add_wave /
#     set_property needs_save false [current_wave_config]
#   } else {
#      send_msg_id Add_Wave-1 WARNING "No top level signals found. Simulator will start without a wave window. If you want to open a wave window go to 'File->New Waveform Configuration' or type 'create_wave_config' in the TCL console."
#   }
# }
# run 1000ns
INFO: [USF-XSim-96] XSim completed. Design snapshot 'tb_compteur_de_cycle_behav' loaded.
INFO: [USF-XSim-97] XSim simulation ran for 1000ns
launch_simulation: Time (s): cpu = 00:00:05 ; elapsed = 00:00:10 . Memory (MB): peak = 2147.664 ; gain = 0.000
close_sim
INFO: [Simtcl 6-16] Simulation closed
launch_simulation
Command: launch_simulation 
INFO: [Vivado 12-12493] Simulation top is 'tb_compteur_de_cycle'
WARNING: [Vivado 12-13340] Unable to auto find GCC executables from simulator install path! (path not set)
WARNING: [Vivado 12-13277] Compiled library path does not exist: ''
INFO: [Vivado 12-5682] Launching behavioral simulation in 'E:/Formation_SAFRAN/Composant_FPGA/Doriane/TP03_FSM/TP3_FSM/TP3_FSM.sim/sim_1/behav/xsim'
INFO: [SIM-utils-51] Simulation object is 'sim_1'
INFO: [SIM-utils-72] Using boost library from 'E:/Vivado/2022.2/tps/boost_1_72_0'
INFO: [SIM-utils-54] Inspecting design source files for 'tb_compteur_de_cycle' in fileset 'sim_1'...
INFO: [USF-XSim-97] Finding global include files...
INFO: [USF-XSim-98] Fetching design files from 'sim_1'...
INFO: [USF-XSim-2] XSim::Compile design
INFO: [USF-XSim-61] Executing 'COMPILE and ANALYZE' step in 'E:/Formation_SAFRAN/Composant_FPGA/Doriane/TP03_FSM/TP3_FSM/TP3_FSM.sim/sim_1/behav/xsim'
"xvhdl --incr --relax -prj tb_compteur_de_cycle_vhdl.prj"
INFO: [VRFC 10-163] Analyzing VHDL file "E:/Formation_SAFRAN/Composant_FPGA/Doriane/TP03_FSM/Q3_compteur_de_cycle.vhd" into library xil_defaultlib
INFO: [VRFC 10-3107] analyzing entity 'compteur_de_cycle'
INFO: [USF-XSim-69] 'compile' step finished in '3' seconds
INFO: [USF-XSim-3] XSim::Elaborate design
INFO: [USF-XSim-61] Executing 'ELABORATE' step in 'E:/Formation_SAFRAN/Composant_FPGA/Doriane/TP03_FSM/TP3_FSM/TP3_FSM.sim/sim_1/behav/xsim'
"xelab --incr --debug typical --relax --mt 2 -L xil_defaultlib -L secureip --snapshot tb_compteur_de_cycle_behav xil_defaultlib.tb_compteur_de_cycle -log elaborate.log"
Vivado Simulator v2022.2
Copyright 1986-1999, 2001-2022 Xilinx, Inc. All Rights Reserved.
Running: E:/Vivado/2022.2/bin/unwrapped/win64.o/xelab.exe --incr --debug typical --relax --mt 2 -L xil_defaultlib -L secureip --snapshot tb_compteur_de_cycle_behav xil_defaultlib.tb_compteur_de_cycle -log elaborate.log 
Using 2 slave threads.
Starting static elaboration
Completed static elaboration
Starting simulation data flow analysis
Completed simulation data flow analysis
Time Resolution for simulation is 1ps
Compiling package std.standard
Compiling package std.textio
Compiling package ieee.std_logic_1164
Compiling package ieee.numeric_std
Compiling package ieee.std_logic_arith
Compiling package ieee.std_logic_unsigned
Compiling architecture behavioral of entity xil_defaultlib.counter_unit [\counter_unit(time_value=6)\]
Compiling architecture behavioral of entity xil_defaultlib.compteur_de_cycle [compteur_de_cycle_default]
Compiling architecture behavioral of entity xil_defaultlib.tb_compteur_de_cycle
Built simulation snapshot tb_compteur_de_cycle_behav
INFO: [USF-XSim-69] 'elaborate' step finished in '3' seconds
INFO: [USF-XSim-4] XSim::Simulate design
INFO: [USF-XSim-61] Executing 'SIMULATE' step in 'E:/Formation_SAFRAN/Composant_FPGA/Doriane/TP03_FSM/TP3_FSM/TP3_FSM.sim/sim_1/behav/xsim'
INFO: [USF-XSim-98] *** Running xsim
   with args "tb_compteur_de_cycle_behav -key {Behavioral:sim_1:Functional:tb_compteur_de_cycle} -tclbatch {tb_compteur_de_cycle.tcl} -view {E:/Formation_SAFRAN/Composant_FPGA/Doriane/TP03_FSM/TP3_FSM/tb_tp_fsm_behav.wcfg} -log {simulate.log}"
INFO: [USF-XSim-8] Loading simulator feature
Time resolution is 1 ps
open_wave_config E:/Formation_SAFRAN/Composant_FPGA/Doriane/TP03_FSM/TP3_FSM/tb_tp_fsm_behav.wcfg
source tb_compteur_de_cycle.tcl
# set curr_wave [current_wave_config]
# if { [string length $curr_wave] == 0 } {
#   if { [llength [get_objects]] > 0} {
#     add_wave /
#     set_property needs_save false [current_wave_config]
#   } else {
#      send_msg_id Add_Wave-1 WARNING "No top level signals found. Simulator will start without a wave window. If you want to open a wave window go to 'File->New Waveform Configuration' or type 'create_wave_config' in the TCL console."
#   }
# }
# run 1000ns
INFO: [USF-XSim-96] XSim completed. Design snapshot 'tb_compteur_de_cycle_behav' loaded.
INFO: [USF-XSim-97] XSim simulation ran for 1000ns
launch_simulation: Time (s): cpu = 00:00:04 ; elapsed = 00:00:10 . Memory (MB): peak = 2147.664 ; gain = 0.000
close_sim
INFO: [Simtcl 6-16] Simulation closed
launch_simulation
Command: launch_simulation 
INFO: [Vivado 12-12493] Simulation top is 'tb_compteur_de_cycle'
WARNING: [Vivado 12-13340] Unable to auto find GCC executables from simulator install path! (path not set)
WARNING: [Vivado 12-13277] Compiled library path does not exist: ''
INFO: [Vivado 12-5682] Launching behavioral simulation in 'E:/Formation_SAFRAN/Composant_FPGA/Doriane/TP03_FSM/TP3_FSM/TP3_FSM.sim/sim_1/behav/xsim'
INFO: [SIM-utils-51] Simulation object is 'sim_1'
INFO: [SIM-utils-72] Using boost library from 'E:/Vivado/2022.2/tps/boost_1_72_0'
INFO: [SIM-utils-54] Inspecting design source files for 'tb_compteur_de_cycle' in fileset 'sim_1'...
INFO: [USF-XSim-97] Finding global include files...
INFO: [USF-XSim-98] Fetching design files from 'sim_1'...
INFO: [USF-XSim-2] XSim::Compile design
INFO: [USF-XSim-61] Executing 'COMPILE and ANALYZE' step in 'E:/Formation_SAFRAN/Composant_FPGA/Doriane/TP03_FSM/TP3_FSM/TP3_FSM.sim/sim_1/behav/xsim'
"xvhdl --incr --relax -prj tb_compteur_de_cycle_vhdl.prj"
INFO: [VRFC 10-163] Analyzing VHDL file "E:/Formation_SAFRAN/Composant_FPGA/Doriane/TP03_FSM/Q3_compteur_de_cycle.vhd" into library xil_defaultlib
INFO: [VRFC 10-3107] analyzing entity 'compteur_de_cycle'
INFO: [USF-XSim-69] 'compile' step finished in '2' seconds
INFO: [USF-XSim-3] XSim::Elaborate design
INFO: [USF-XSim-61] Executing 'ELABORATE' step in 'E:/Formation_SAFRAN/Composant_FPGA/Doriane/TP03_FSM/TP3_FSM/TP3_FSM.sim/sim_1/behav/xsim'
"xelab --incr --debug typical --relax --mt 2 -L xil_defaultlib -L secureip --snapshot tb_compteur_de_cycle_behav xil_defaultlib.tb_compteur_de_cycle -log elaborate.log"
Vivado Simulator v2022.2
Copyright 1986-1999, 2001-2022 Xilinx, Inc. All Rights Reserved.
Running: E:/Vivado/2022.2/bin/unwrapped/win64.o/xelab.exe --incr --debug typical --relax --mt 2 -L xil_defaultlib -L secureip --snapshot tb_compteur_de_cycle_behav xil_defaultlib.tb_compteur_de_cycle -log elaborate.log 
Using 2 slave threads.
Starting static elaboration
Completed static elaboration
Starting simulation data flow analysis
Completed simulation data flow analysis
Time Resolution for simulation is 1ps
Compiling package std.standard
Compiling package std.textio
Compiling package ieee.std_logic_1164
Compiling package ieee.numeric_std
Compiling package ieee.std_logic_arith
Compiling package ieee.std_logic_unsigned
Compiling architecture behavioral of entity xil_defaultlib.counter_unit [\counter_unit(time_value=6)\]
Compiling architecture behavioral of entity xil_defaultlib.compteur_de_cycle [compteur_de_cycle_default]
Compiling architecture behavioral of entity xil_defaultlib.tb_compteur_de_cycle
Built simulation snapshot tb_compteur_de_cycle_behav
INFO: [USF-XSim-69] 'elaborate' step finished in '3' seconds
INFO: [USF-XSim-4] XSim::Simulate design
INFO: [USF-XSim-61] Executing 'SIMULATE' step in 'E:/Formation_SAFRAN/Composant_FPGA/Doriane/TP03_FSM/TP3_FSM/TP3_FSM.sim/sim_1/behav/xsim'
INFO: [USF-XSim-98] *** Running xsim
   with args "tb_compteur_de_cycle_behav -key {Behavioral:sim_1:Functional:tb_compteur_de_cycle} -tclbatch {tb_compteur_de_cycle.tcl} -view {E:/Formation_SAFRAN/Composant_FPGA/Doriane/TP03_FSM/TP3_FSM/tb_tp_fsm_behav.wcfg} -log {simulate.log}"
INFO: [USF-XSim-8] Loading simulator feature
Time resolution is 1 ps
open_wave_config E:/Formation_SAFRAN/Composant_FPGA/Doriane/TP03_FSM/TP3_FSM/tb_tp_fsm_behav.wcfg
source tb_compteur_de_cycle.tcl
# set curr_wave [current_wave_config]
# if { [string length $curr_wave] == 0 } {
#   if { [llength [get_objects]] > 0} {
#     add_wave /
#     set_property needs_save false [current_wave_config]
#   } else {
#      send_msg_id Add_Wave-1 WARNING "No top level signals found. Simulator will start without a wave window. If you want to open a wave window go to 'File->New Waveform Configuration' or type 'create_wave_config' in the TCL console."
#   }
# }
# run 1000ns
INFO: [USF-XSim-96] XSim completed. Design snapshot 'tb_compteur_de_cycle_behav' loaded.
INFO: [USF-XSim-97] XSim simulation ran for 1000ns
launch_simulation: Time (s): cpu = 00:00:05 ; elapsed = 00:00:10 . Memory (MB): peak = 2147.664 ; gain = 0.000
close_sim
INFO: [Simtcl 6-16] Simulation closed
launch_simulation
Command: launch_simulation 
INFO: [Vivado 12-12493] Simulation top is 'tb_compteur_de_cycle'
WARNING: [Vivado 12-13340] Unable to auto find GCC executables from simulator install path! (path not set)
WARNING: [Vivado 12-13277] Compiled library path does not exist: ''
INFO: [Vivado 12-5682] Launching behavioral simulation in 'E:/Formation_SAFRAN/Composant_FPGA/Doriane/TP03_FSM/TP3_FSM/TP3_FSM.sim/sim_1/behav/xsim'
INFO: [SIM-utils-51] Simulation object is 'sim_1'
INFO: [SIM-utils-72] Using boost library from 'E:/Vivado/2022.2/tps/boost_1_72_0'
INFO: [SIM-utils-54] Inspecting design source files for 'tb_compteur_de_cycle' in fileset 'sim_1'...
INFO: [USF-XSim-97] Finding global include files...
INFO: [USF-XSim-98] Fetching design files from 'sim_1'...
INFO: [USF-XSim-2] XSim::Compile design
INFO: [USF-XSim-61] Executing 'COMPILE and ANALYZE' step in 'E:/Formation_SAFRAN/Composant_FPGA/Doriane/TP03_FSM/TP3_FSM/TP3_FSM.sim/sim_1/behav/xsim'
"xvhdl --incr --relax -prj tb_compteur_de_cycle_vhdl.prj"
INFO: [VRFC 10-163] Analyzing VHDL file "E:/Formation_SAFRAN/Composant_FPGA/Doriane/TP03_FSM/Q3_compteur_de_cycle.vhd" into library xil_defaultlib
INFO: [VRFC 10-3107] analyzing entity 'compteur_de_cycle'
INFO: [USF-XSim-69] 'compile' step finished in '3' seconds
INFO: [USF-XSim-3] XSim::Elaborate design
INFO: [USF-XSim-61] Executing 'ELABORATE' step in 'E:/Formation_SAFRAN/Composant_FPGA/Doriane/TP03_FSM/TP3_FSM/TP3_FSM.sim/sim_1/behav/xsim'
"xelab --incr --debug typical --relax --mt 2 -L xil_defaultlib -L secureip --snapshot tb_compteur_de_cycle_behav xil_defaultlib.tb_compteur_de_cycle -log elaborate.log"
Vivado Simulator v2022.2
Copyright 1986-1999, 2001-2022 Xilinx, Inc. All Rights Reserved.
Running: E:/Vivado/2022.2/bin/unwrapped/win64.o/xelab.exe --incr --debug typical --relax --mt 2 -L xil_defaultlib -L secureip --snapshot tb_compteur_de_cycle_behav xil_defaultlib.tb_compteur_de_cycle -log elaborate.log 
Using 2 slave threads.
Starting static elaboration
Completed static elaboration
Starting simulation data flow analysis
Completed simulation data flow analysis
Time Resolution for simulation is 1ps
Compiling package std.standard
Compiling package std.textio
Compiling package ieee.std_logic_1164
Compiling package ieee.numeric_std
Compiling package ieee.std_logic_arith
Compiling package ieee.std_logic_unsigned
Compiling architecture behavioral of entity xil_defaultlib.counter_unit [\counter_unit(time_value=6)\]
Compiling architecture behavioral of entity xil_defaultlib.compteur_de_cycle [compteur_de_cycle_default]
Compiling architecture behavioral of entity xil_defaultlib.tb_compteur_de_cycle
Built simulation snapshot tb_compteur_de_cycle_behav
INFO: [USF-XSim-69] 'elaborate' step finished in '3' seconds
INFO: [USF-XSim-4] XSim::Simulate design
INFO: [USF-XSim-61] Executing 'SIMULATE' step in 'E:/Formation_SAFRAN/Composant_FPGA/Doriane/TP03_FSM/TP3_FSM/TP3_FSM.sim/sim_1/behav/xsim'
INFO: [USF-XSim-98] *** Running xsim
   with args "tb_compteur_de_cycle_behav -key {Behavioral:sim_1:Functional:tb_compteur_de_cycle} -tclbatch {tb_compteur_de_cycle.tcl} -view {E:/Formation_SAFRAN/Composant_FPGA/Doriane/TP03_FSM/TP3_FSM/tb_tp_fsm_behav.wcfg} -log {simulate.log}"
INFO: [USF-XSim-8] Loading simulator feature
Time resolution is 1 ps
open_wave_config E:/Formation_SAFRAN/Composant_FPGA/Doriane/TP03_FSM/TP3_FSM/tb_tp_fsm_behav.wcfg
source tb_compteur_de_cycle.tcl
# set curr_wave [current_wave_config]
# if { [string length $curr_wave] == 0 } {
#   if { [llength [get_objects]] > 0} {
#     add_wave /
#     set_property needs_save false [current_wave_config]
#   } else {
#      send_msg_id Add_Wave-1 WARNING "No top level signals found. Simulator will start without a wave window. If you want to open a wave window go to 'File->New Waveform Configuration' or type 'create_wave_config' in the TCL console."
#   }
# }
# run 1000ns
INFO: [USF-XSim-96] XSim completed. Design snapshot 'tb_compteur_de_cycle_behav' loaded.
INFO: [USF-XSim-97] XSim simulation ran for 1000ns
launch_simulation: Time (s): cpu = 00:00:03 ; elapsed = 00:00:09 . Memory (MB): peak = 2147.664 ; gain = 0.000
synth_design -rtl -rtl_skip_mlo -name rtl_1
Command: synth_design -rtl -rtl_skip_mlo -name rtl_1
Starting synth_design
Using part: xc7z010clg400-1
Top: compteur_de_cycle
INFO: [Synth 8-11241] undeclared symbol 'REGCCE', assumed default net type 'wire' [E:/Vivado/2022.2/data/verilog/src/unimacro/BRAM_SINGLE_MACRO.v:2170]
---------------------------------------------------------------------------------
Starting RTL Elaboration : Time (s): cpu = 00:00:10 ; elapsed = 00:00:14 . Memory (MB): peak = 2147.664 ; gain = 0.000
---------------------------------------------------------------------------------
INFO: [Synth 8-638] synthesizing module 'compteur_de_cycle' [E:/Formation_SAFRAN/Composant_FPGA/Doriane/TP03_FSM/Q3_compteur_de_cycle.vhd:18]
INFO: [Synth 8-3491] module 'counter_unit' declared at 'E:/Formation_SAFRAN/Composant_FPGA/Doriane/TP03_FSM/Counter_unit.vhd:6' bound to instance 'COUNTER' of component 'counter_unit' [E:/Formation_SAFRAN/Composant_FPGA/Doriane/TP03_FSM/Q3_compteur_de_cycle.vhd:43]
INFO: [Synth 8-638] synthesizing module 'counter_unit' [E:/Formation_SAFRAN/Composant_FPGA/Doriane/TP03_FSM/Counter_unit.vhd:18]
	Parameter Time_value bound to: 6 - type: integer 
INFO: [Synth 8-256] done synthesizing module 'counter_unit' (0#1) [E:/Formation_SAFRAN/Composant_FPGA/Doriane/TP03_FSM/Counter_unit.vhd:18]
INFO: [Synth 8-256] done synthesizing module 'compteur_de_cycle' (0#1) [E:/Formation_SAFRAN/Composant_FPGA/Doriane/TP03_FSM/Q3_compteur_de_cycle.vhd:18]
WARNING: [Synth 8-6014] Unused sequential element Clk_cnt_reg was removed.  [E:/Formation_SAFRAN/Composant_FPGA/Doriane/TP03_FSM/Q3_compteur_de_cycle.vhd:55]
WARNING: [Synth 8-6014] Unused sequential element LED_State_reg was removed.  [E:/Formation_SAFRAN/Composant_FPGA/Doriane/TP03_FSM/Q3_compteur_de_cycle.vhd:56]
---------------------------------------------------------------------------------
Finished RTL Elaboration : Time (s): cpu = 00:00:12 ; elapsed = 00:00:17 . Memory (MB): peak = 2147.664 ; gain = 0.000
---------------------------------------------------------------------------------
---------------------------------------------------------------------------------
Start Handling Custom Attributes
---------------------------------------------------------------------------------
---------------------------------------------------------------------------------
Finished Handling Custom Attributes : Time (s): cpu = 00:00:12 ; elapsed = 00:00:17 . Memory (MB): peak = 2147.664 ; gain = 0.000
---------------------------------------------------------------------------------
---------------------------------------------------------------------------------
Finished RTL Optimization Phase 1 : Time (s): cpu = 00:00:12 ; elapsed = 00:00:17 . Memory (MB): peak = 2147.664 ; gain = 0.000
---------------------------------------------------------------------------------
Netlist sorting complete. Time (s): cpu = 00:00:00 ; elapsed = 00:00:00.002 . Memory (MB): peak = 2147.664 ; gain = 0.000
INFO: [Project 1-570] Preparing netlist for logic optimization

Processing XDC Constraints
Initializing timing engine
Parsing XDC File [E:/Formation_SAFRAN/Composant_FPGA/Doriane/TP03_FSM/Cora-Z7-10-Master.xdc]
WARNING: [Vivado 12-584] No ports matched 'OUT_B'. [E:/Formation_SAFRAN/Composant_FPGA/Doriane/TP03_FSM/Cora-Z7-10-Master.xdc:12]
CRITICAL WARNING: [Common 17-55] 'set_property' expects at least one object. [E:/Formation_SAFRAN/Composant_FPGA/Doriane/TP03_FSM/Cora-Z7-10-Master.xdc:12]
Resolution: If [get_<value>] was used to populate the object, check to make sure this command returns at least one valid object.
WARNING: [Vivado 12-584] No ports matched 'OUT_V'. [E:/Formation_SAFRAN/Composant_FPGA/Doriane/TP03_FSM/Cora-Z7-10-Master.xdc:13]
CRITICAL WARNING: [Common 17-55] 'set_property' expects at least one object. [E:/Formation_SAFRAN/Composant_FPGA/Doriane/TP03_FSM/Cora-Z7-10-Master.xdc:13]
Resolution: If [get_<value>] was used to populate the object, check to make sure this command returns at least one valid object.
WARNING: [Vivado 12-584] No ports matched 'OUT_R'. [E:/Formation_SAFRAN/Composant_FPGA/Doriane/TP03_FSM/Cora-Z7-10-Master.xdc:14]
CRITICAL WARNING: [Common 17-55] 'set_property' expects at least one object. [E:/Formation_SAFRAN/Composant_FPGA/Doriane/TP03_FSM/Cora-Z7-10-Master.xdc:14]
Resolution: If [get_<value>] was used to populate the object, check to make sure this command returns at least one valid object.
Finished Parsing XDC File [E:/Formation_SAFRAN/Composant_FPGA/Doriane/TP03_FSM/Cora-Z7-10-Master.xdc]
Completed Processing XDC Constraints

Netlist sorting complete. Time (s): cpu = 00:00:00 ; elapsed = 00:00:00.001 . Memory (MB): peak = 2147.664 ; gain = 0.000
INFO: [Project 1-111] Unisim Transformation Summary:
No Unisim elements were transformed.

RTL Elaboration Complete:  : Time (s): cpu = 00:00:19 ; elapsed = 00:00:22 . Memory (MB): peak = 2157.898 ; gain = 10.234
8 Infos, 5 Warnings, 3 Critical Warnings and 0 Errors encountered.
synth_design completed successfully
synth_design: Time (s): cpu = 00:00:19 ; elapsed = 00:00:22 . Memory (MB): peak = 2157.898 ; gain = 10.234
export_ip_user_files -of_objects  [get_files E:/Formation_SAFRAN/Composant_FPGA/Doriane/TP03_FSM/Cora-Z7-10-Master.xdc] -no_script -reset -force -quiet
remove_files  -fileset constrs_1 E:/Formation_SAFRAN/Composant_FPGA/Doriane/TP03_FSM/Cora-Z7-10-Master.xdc
refresh_design
INFO: [Project 1-570] Preparing netlist for logic optimization

Processing XDC Constraints
Initializing timing engine
Completed Processing XDC Constraints

close_sim
INFO: [Simtcl 6-16] Simulation closed
launch_simulation
Command: launch_simulation 
INFO: [Vivado 12-12493] Simulation top is 'tb_compteur_de_cycle'
WARNING: [Vivado 12-13340] Unable to auto find GCC executables from simulator install path! (path not set)
WARNING: [Vivado 12-13277] Compiled library path does not exist: ''
INFO: [Vivado 12-5682] Launching behavioral simulation in 'E:/Formation_SAFRAN/Composant_FPGA/Doriane/TP03_FSM/TP3_FSM/TP3_FSM.sim/sim_1/behav/xsim'
INFO: [SIM-utils-51] Simulation object is 'sim_1'
INFO: [SIM-utils-72] Using boost library from 'E:/Vivado/2022.2/tps/boost_1_72_0'
INFO: [SIM-utils-54] Inspecting design source files for 'tb_compteur_de_cycle' in fileset 'sim_1'...
INFO: [USF-XSim-97] Finding global include files...
INFO: [USF-XSim-98] Fetching design files from 'sim_1'...
INFO: [USF-XSim-2] XSim::Compile design
INFO: [USF-XSim-61] Executing 'COMPILE and ANALYZE' step in 'E:/Formation_SAFRAN/Composant_FPGA/Doriane/TP03_FSM/TP3_FSM/TP3_FSM.sim/sim_1/behav/xsim'
"xvhdl --incr --relax -prj tb_compteur_de_cycle_vhdl.prj"
INFO: [USF-XSim-69] 'compile' step finished in '2' seconds
INFO: [USF-XSim-3] XSim::Elaborate design
INFO: [USF-XSim-61] Executing 'ELABORATE' step in 'E:/Formation_SAFRAN/Composant_FPGA/Doriane/TP03_FSM/TP3_FSM/TP3_FSM.sim/sim_1/behav/xsim'
"xelab --incr --debug typical --relax --mt 2 -L xil_defaultlib -L secureip --snapshot tb_compteur_de_cycle_behav xil_defaultlib.tb_compteur_de_cycle -log elaborate.log"
Vivado Simulator v2022.2
Copyright 1986-1999, 2001-2022 Xilinx, Inc. All Rights Reserved.
Running: E:/Vivado/2022.2/bin/unwrapped/win64.o/xelab.exe --incr --debug typical --relax --mt 2 -L xil_defaultlib -L secureip --snapshot tb_compteur_de_cycle_behav xil_defaultlib.tb_compteur_de_cycle -log elaborate.log 
Using 2 slave threads.
Starting static elaboration
Completed static elaboration
INFO: [XSIM 43-4323] No Change in HDL. Linking previously generated obj files to create kernel
INFO: [USF-XSim-69] 'elaborate' step finished in '3' seconds
INFO: [USF-XSim-4] XSim::Simulate design
INFO: [USF-XSim-61] Executing 'SIMULATE' step in 'E:/Formation_SAFRAN/Composant_FPGA/Doriane/TP03_FSM/TP3_FSM/TP3_FSM.sim/sim_1/behav/xsim'
INFO: [USF-XSim-98] *** Running xsim
   with args "tb_compteur_de_cycle_behav -key {Behavioral:sim_1:Functional:tb_compteur_de_cycle} -tclbatch {tb_compteur_de_cycle.tcl} -view {E:/Formation_SAFRAN/Composant_FPGA/Doriane/TP03_FSM/TP3_FSM/tb_tp_fsm_behav.wcfg} -log {simulate.log}"
INFO: [USF-XSim-8] Loading simulator feature
Time resolution is 1 ps
open_wave_config E:/Formation_SAFRAN/Composant_FPGA/Doriane/TP03_FSM/TP3_FSM/tb_tp_fsm_behav.wcfg
source tb_compteur_de_cycle.tcl
# set curr_wave [current_wave_config]
# if { [string length $curr_wave] == 0 } {
#   if { [llength [get_objects]] > 0} {
#     add_wave /
#     set_property needs_save false [current_wave_config]
#   } else {
#      send_msg_id Add_Wave-1 WARNING "No top level signals found. Simulator will start without a wave window. If you want to open a wave window go to 'File->New Waveform Configuration' or type 'create_wave_config' in the TCL console."
#   }
# }
# run 1000ns
INFO: [USF-XSim-96] XSim completed. Design snapshot 'tb_compteur_de_cycle_behav' loaded.
INFO: [USF-XSim-97] XSim simulation ran for 1000ns
launch_simulation: Time (s): cpu = 00:00:03 ; elapsed = 00:00:08 . Memory (MB): peak = 2237.934 ; gain = 12.703
close_sim
INFO: [Simtcl 6-16] Simulation closed
exit
INFO: [Common 17-206] Exiting Vivado at Fri May 19 15:25:48 2023...
